#! /usr/bin/vvp
:ivl_version "12.0 (stable)";
:ivl_delay_selection "TYPICAL";
:vpi_time_precision + 0;
:vpi_module "/usr/lib/x86_64-linux-gnu/ivl/system.vpi";
:vpi_module "/usr/lib/x86_64-linux-gnu/ivl/vhdl_sys.vpi";
:vpi_module "/usr/lib/x86_64-linux-gnu/ivl/vhdl_textio.vpi";
:vpi_module "/usr/lib/x86_64-linux-gnu/ivl/v2005_math.vpi";
:vpi_module "/usr/lib/x86_64-linux-gnu/ivl/va_math.vpi";
S_0x55bbca4f7ce0 .scope module, "alu_tb" "alu_tb" 2 1;
 .timescale 0 0;
v0x55bbca53b220_0 .var "A", 7 0;
v0x55bbca53b350_0 .var "B", 7 0;
v0x55bbca53b460_0 .net "flags", 3 0, v0x55bbca53af30_0;  1 drivers
v0x55bbca53b500_0 .var "opcode", 2 0;
v0x55bbca53b5a0_0 .net "result", 7 0, v0x55bbca53b070_0;  1 drivers
S_0x55bbca502ae0 .scope module, "uut" "alu" 2 10, 3 25 0, S_0x55bbca4f7ce0;
 .timescale 0 0;
    .port_info 0 /INPUT 8 "A";
    .port_info 1 /INPUT 8 "B";
    .port_info 2 /INPUT 3 "opcode";
    .port_info 3 /OUTPUT 8 "result";
    .port_info 4 /OUTPUT 4 "flags";
v0x55bbca53aba0_0 .net "A", 7 0, v0x55bbca53b220_0;  1 drivers
v0x55bbca53ac80_0 .net "B", 7 0, v0x55bbca53b350_0;  1 drivers
v0x55bbca53ad20_0 .net "V", 0 0, L_0x55bbca53bc40;  1 drivers
v0x55bbca53adc0_0 .net "arithmetic_result", 7 0, L_0x55bbca53c840;  1 drivers
v0x55bbca53ae90_0 .net "c_out", 0 0, L_0x55bbca53ca00;  1 drivers
v0x55bbca53af30_0 .var "flags", 3 0;
v0x55bbca53afd0_0 .net "opcode", 2 0, v0x55bbca53b500_0;  1 drivers
v0x55bbca53b070_0 .var "result", 7 0;
E_0x55bbca4ff950/0 .event anyedge, v0x55bbca53afd0_0, v0x55bbca53a840_0, v0x55bbca502ea0_0, v0x55bbca5392b0_0;
E_0x55bbca4ff950/1 .event anyedge, v0x55bbca53b070_0, v0x55bbca53a600_0, v0x55bbca539450_0;
E_0x55bbca4ff950 .event/or E_0x55bbca4ff950/0, E_0x55bbca4ff950/1;
L_0x55bbca53ce40 .part v0x55bbca53b500_0, 0, 1;
S_0x55bbca502cc0 .scope module, "u_add_sub" "adder_subtractor" 3 36, 3 1 0, S_0x55bbca502ae0;
 .timescale 0 0;
    .port_info 0 /INPUT 8 "A";
    .port_info 1 /INPUT 8 "B";
    .port_info 2 /INPUT 1 "ctrl";
    .port_info 3 /OUTPUT 8 "result";
    .port_info 4 /OUTPUT 1 "c_out";
    .port_info 5 /OUTPUT 1 "V";
L_0x55bbca53b690 .functor NOT 8, v0x55bbca53b350_0, C4<00000000>, C4<00000000>, C4<00000000>;
L_0x55bbca53b850 .functor BUFZ 1, L_0x55bbca53ce40, C4<0>, C4<0>, C4<0>;
L_0x55bbca53bc40 .functor XOR 1, L_0x55bbca53caf0, L_0x55bbca53ccb0, C4<0>, C4<0>;
v0x55bbca502ea0_0 .net "A", 7 0, v0x55bbca53b220_0;  alias, 1 drivers
v0x55bbca5392b0_0 .net "B", 7 0, v0x55bbca53b350_0;  alias, 1 drivers
v0x55bbca539390_0 .net "B_eff", 7 0, L_0x55bbca53b730;  1 drivers
v0x55bbca539450_0 .net "V", 0 0, L_0x55bbca53bc40;  alias, 1 drivers
v0x55bbca539510_0 .net *"_ivl_0", 7 0, L_0x55bbca53b690;  1 drivers
L_0x7fe8aa186060 .functor BUFT 1, C4<0>, C4<0>, C4<0>, C4<0>;
v0x55bbca539640_0 .net/2u *"_ivl_10", 0 0, L_0x7fe8aa186060;  1 drivers
v0x55bbca539720_0 .net *"_ivl_12", 8 0, L_0x55bbca53ba30;  1 drivers
v0x55bbca539800_0 .net *"_ivl_14", 8 0, L_0x55bbca53bba0;  1 drivers
v0x55bbca5398e0_0 .net *"_ivl_16", 8 0, L_0x55bbca53bd80;  1 drivers
L_0x7fe8aa1860a8 .functor BUFT 1, C4<00000000>, C4<0>, C4<0>, C4<0>;
v0x55bbca5399c0_0 .net *"_ivl_19", 7 0, L_0x7fe8aa1860a8;  1 drivers
L_0x7fe8aa1860f0 .functor BUFT 1, C4<0>, C4<0>, C4<0>, C4<0>;
v0x55bbca539aa0_0 .net/2u *"_ivl_22", 0 0, L_0x7fe8aa1860f0;  1 drivers
v0x55bbca539b80_0 .net *"_ivl_25", 6 0, L_0x55bbca53c040;  1 drivers
v0x55bbca539c60_0 .net *"_ivl_26", 7 0, L_0x55bbca53c0e0;  1 drivers
L_0x7fe8aa186138 .functor BUFT 1, C4<0>, C4<0>, C4<0>, C4<0>;
v0x55bbca539d40_0 .net/2u *"_ivl_28", 0 0, L_0x7fe8aa186138;  1 drivers
v0x55bbca539e20_0 .net *"_ivl_31", 6 0, L_0x55bbca53c270;  1 drivers
v0x55bbca539f00_0 .net *"_ivl_32", 7 0, L_0x55bbca53c310;  1 drivers
v0x55bbca539fe0_0 .net *"_ivl_34", 7 0, L_0x55bbca53c4b0;  1 drivers
v0x55bbca53a0c0_0 .net *"_ivl_36", 7 0, L_0x55bbca53c5a0;  1 drivers
L_0x7fe8aa186180 .functor BUFT 1, C4<0000000>, C4<0>, C4<0>, C4<0>;
v0x55bbca53a1a0_0 .net *"_ivl_39", 6 0, L_0x7fe8aa186180;  1 drivers
v0x55bbca53a280_0 .net *"_ivl_47", 0 0, L_0x55bbca53caf0;  1 drivers
v0x55bbca53a360_0 .net *"_ivl_49", 0 0, L_0x55bbca53ccb0;  1 drivers
L_0x7fe8aa186018 .functor BUFT 1, C4<0>, C4<0>, C4<0>, C4<0>;
v0x55bbca53a440_0 .net/2u *"_ivl_6", 0 0, L_0x7fe8aa186018;  1 drivers
v0x55bbca53a520_0 .net *"_ivl_8", 8 0, L_0x55bbca53b910;  1 drivers
v0x55bbca53a600_0 .net "c_out", 0 0, L_0x55bbca53ca00;  alias, 1 drivers
v0x55bbca53a6c0_0 .net "cin", 0 0, L_0x55bbca53b850;  1 drivers
v0x55bbca53a780_0 .net "ctrl", 0 0, L_0x55bbca53ce40;  1 drivers
v0x55bbca53a840_0 .net "result", 7 0, L_0x55bbca53c840;  alias, 1 drivers
v0x55bbca53a920_0 .net "temp", 8 0, L_0x55bbca53bec0;  1 drivers
v0x55bbca53aa00_0 .net "temp1", 7 0, L_0x55bbca53c700;  1 drivers
L_0x55bbca53b730 .functor MUXZ 8, v0x55bbca53b350_0, L_0x55bbca53b690, L_0x55bbca53ce40, C4<>;
L_0x55bbca53b910 .concat [ 8 1 0 0], v0x55bbca53b220_0, L_0x7fe8aa186018;
L_0x55bbca53ba30 .concat [ 8 1 0 0], L_0x55bbca53b730, L_0x7fe8aa186060;
L_0x55bbca53bba0 .arith/sum 9, L_0x55bbca53b910, L_0x55bbca53ba30;
L_0x55bbca53bd80 .concat [ 1 8 0 0], L_0x55bbca53b850, L_0x7fe8aa1860a8;
L_0x55bbca53bec0 .arith/sum 9, L_0x55bbca53bba0, L_0x55bbca53bd80;
L_0x55bbca53c040 .part v0x55bbca53b220_0, 0, 7;
L_0x55bbca53c0e0 .concat [ 7 1 0 0], L_0x55bbca53c040, L_0x7fe8aa1860f0;
L_0x55bbca53c270 .part L_0x55bbca53b730, 0, 7;
L_0x55bbca53c310 .concat [ 7 1 0 0], L_0x55bbca53c270, L_0x7fe8aa186138;
L_0x55bbca53c4b0 .arith/sum 8, L_0x55bbca53c0e0, L_0x55bbca53c310;
L_0x55bbca53c5a0 .concat [ 1 7 0 0], L_0x55bbca53b850, L_0x7fe8aa186180;
L_0x55bbca53c700 .arith/sum 8, L_0x55bbca53c4b0, L_0x55bbca53c5a0;
L_0x55bbca53c840 .part L_0x55bbca53bec0, 0, 8;
L_0x55bbca53ca00 .part L_0x55bbca53bec0, 8, 1;
L_0x55bbca53caf0 .part L_0x55bbca53bec0, 8, 1;
L_0x55bbca53ccb0 .part L_0x55bbca53c700, 7, 1;
    .scope S_0x55bbca502ae0;
T_0 ;
    %wait E_0x55bbca4ff950;
    %load/vec4 v0x55bbca53afd0_0;
    %dup/vec4;
    %pushi/vec4 0, 0, 3;
    %cmp/u;
    %jmp/1 T_0.0, 6;
    %dup/vec4;
    %pushi/vec4 1, 0, 3;
    %cmp/u;
    %jmp/1 T_0.1, 6;
    %dup/vec4;
    %pushi/vec4 2, 0, 3;
    %cmp/u;
    %jmp/1 T_0.2, 6;
    %dup/vec4;
    %pushi/vec4 3, 0, 3;
    %cmp/u;
    %jmp/1 T_0.3, 6;
    %dup/vec4;
    %pushi/vec4 4, 0, 3;
    %cmp/u;
    %jmp/1 T_0.4, 6;
    %dup/vec4;
    %pushi/vec4 5, 0, 3;
    %cmp/u;
    %jmp/1 T_0.5, 6;
    %dup/vec4;
    %pushi/vec4 6, 0, 3;
    %cmp/u;
    %jmp/1 T_0.6, 6;
    %dup/vec4;
    %pushi/vec4 7, 0, 3;
    %cmp/u;
    %jmp/1 T_0.7, 6;
    %pushi/vec4 0, 0, 8;
    %store/vec4 v0x55bbca53b070_0, 0, 8;
    %pushi/vec4 0, 0, 4;
    %store/vec4 v0x55bbca53af30_0, 0, 4;
    %jmp T_0.9;
T_0.0 ;
    %load/vec4 v0x55bbca53adc0_0;
    %store/vec4 v0x55bbca53b070_0, 0, 8;
    %jmp T_0.9;
T_0.1 ;
    %load/vec4 v0x55bbca53adc0_0;
    %store/vec4 v0x55bbca53b070_0, 0, 8;
    %jmp T_0.9;
T_0.2 ;
    %load/vec4 v0x55bbca53aba0_0;
    %load/vec4 v0x55bbca53ac80_0;
    %and;
    %store/vec4 v0x55bbca53b070_0, 0, 8;
    %jmp T_0.9;
T_0.3 ;
    %load/vec4 v0x55bbca53aba0_0;
    %load/vec4 v0x55bbca53ac80_0;
    %or;
    %store/vec4 v0x55bbca53b070_0, 0, 8;
    %jmp T_0.9;
T_0.4 ;
    %load/vec4 v0x55bbca53aba0_0;
    %load/vec4 v0x55bbca53ac80_0;
    %xor;
    %store/vec4 v0x55bbca53b070_0, 0, 8;
    %jmp T_0.9;
T_0.5 ;
    %load/vec4 v0x55bbca53aba0_0;
    %inv;
    %store/vec4 v0x55bbca53b070_0, 0, 8;
    %jmp T_0.9;
T_0.6 ;
    %load/vec4 v0x55bbca53aba0_0;
    %ix/load 4, 1, 0;
    %flag_set/imm 4, 0;
    %shiftl 4;
    %store/vec4 v0x55bbca53b070_0, 0, 8;
    %jmp T_0.9;
T_0.7 ;
    %load/vec4 v0x55bbca53aba0_0;
    %ix/load 4, 1, 0;
    %flag_set/imm 4, 0;
    %shiftr 4;
    %store/vec4 v0x55bbca53b070_0, 0, 8;
    %jmp T_0.9;
T_0.9 ;
    %pop/vec4 1;
    %load/vec4 v0x55bbca53b070_0;
    %nor/r;
    %ix/load 4, 0, 0;
    %flag_set/imm 4, 0;
    %store/vec4 v0x55bbca53af30_0, 4, 1;
    %load/vec4 v0x55bbca53afd0_0;
    %parti/s 1, 1, 2;
    %load/vec4 v0x55bbca53afd0_0;
    %parti/s 1, 2, 3;
    %or;
    %inv;
    %load/vec4 v0x55bbca53ae90_0;
    %and;
    %ix/load 4, 1, 0;
    %flag_set/imm 4, 0;
    %store/vec4 v0x55bbca53af30_0, 4, 1;
    %load/vec4 v0x55bbca53b070_0;
    %parti/s 1, 7, 4;
    %ix/load 4, 2, 0;
    %flag_set/imm 4, 0;
    %store/vec4 v0x55bbca53af30_0, 4, 1;
    %load/vec4 v0x55bbca53afd0_0;
    %parti/s 1, 1, 2;
    %load/vec4 v0x55bbca53afd0_0;
    %parti/s 1, 2, 3;
    %or;
    %inv;
    %load/vec4 v0x55bbca53ad20_0;
    %and;
    %ix/load 4, 3, 0;
    %flag_set/imm 4, 0;
    %store/vec4 v0x55bbca53af30_0, 4, 1;
    %jmp T_0;
    .thread T_0, $push;
    .scope S_0x55bbca4f7ce0;
T_1 ;
    %vpi_call 2 19 "$dumpfile", "alu_test.vcd" {0 0 0};
    %vpi_call 2 20 "$dumpvars", 32'sb00000000000000000000000000000000, S_0x55bbca4f7ce0 {0 0 0};
    %vpi_call 2 22 "$display", "Time |   A   |   B   | op | result | flags | expected" {0 0 0};
    %vpi_call 2 23 "$display", "-----------------------------------------------------" {0 0 0};
    %pushi/vec4 15, 0, 8;
    %store/vec4 v0x55bbca53b220_0, 0, 8;
    %pushi/vec4 240, 0, 8;
    %store/vec4 v0x55bbca53b350_0, 0, 8;
    %pushi/vec4 0, 0, 3;
    %store/vec4 v0x55bbca53b500_0, 0, 3;
    %delay 10, 0;
    %vpi_call 2 31 "$display", "%4t | %b | %b | %b | %b | %b | %s", $time, v0x55bbca53b220_0, v0x55bbca53b350_0, v0x55bbca53b500_0, v0x55bbca53b5a0_0, v0x55bbca53b460_0, "result=11111111" {0 0 0};
    %pushi/vec4 15, 0, 8;
    %store/vec4 v0x55bbca53b220_0, 0, 8;
    %pushi/vec4 240, 0, 8;
    %store/vec4 v0x55bbca53b350_0, 0, 8;
    %pushi/vec4 1, 0, 3;
    %store/vec4 v0x55bbca53b500_0, 0, 3;
    %delay 10, 0;
    %vpi_call 2 39 "$display", "%4t | %b | %b | %b | %b | %b | %s", $time, v0x55bbca53b220_0, v0x55bbca53b350_0, v0x55bbca53b500_0, v0x55bbca53b5a0_0, v0x55bbca53b460_0, "result=00011111" {0 0 0};
    %pushi/vec4 143, 0, 8;
    %store/vec4 v0x55bbca53b220_0, 0, 8;
    %pushi/vec4 240, 0, 8;
    %store/vec4 v0x55bbca53b350_0, 0, 8;
    %pushi/vec4 2, 0, 3;
    %store/vec4 v0x55bbca53b500_0, 0, 3;
    %delay 10, 0;
    %vpi_call 2 47 "$display", "%4t | %b | %b | %b | %b | %b | %s", $time, v0x55bbca53b220_0, v0x55bbca53b350_0, v0x55bbca53b500_0, v0x55bbca53b5a0_0, v0x55bbca53b460_0, "result=10000000" {0 0 0};
    %pushi/vec4 15, 0, 8;
    %store/vec4 v0x55bbca53b220_0, 0, 8;
    %pushi/vec4 112, 0, 8;
    %store/vec4 v0x55bbca53b350_0, 0, 8;
    %pushi/vec4 3, 0, 3;
    %store/vec4 v0x55bbca53b500_0, 0, 3;
    %delay 10, 0;
    %vpi_call 2 55 "$display", "%4t | %b | %b | %b | %b | %b | %s", $time, v0x55bbca53b220_0, v0x55bbca53b350_0, v0x55bbca53b500_0, v0x55bbca53b5a0_0, v0x55bbca53b460_0, "result=01111111" {0 0 0};
    %pushi/vec4 85, 0, 8;
    %store/vec4 v0x55bbca53b220_0, 0, 8;
    %pushi/vec4 171, 0, 8;
    %store/vec4 v0x55bbca53b350_0, 0, 8;
    %pushi/vec4 4, 0, 3;
    %store/vec4 v0x55bbca53b500_0, 0, 3;
    %delay 10, 0;
    %vpi_call 2 63 "$display", "%4t | %b | %b | %b | %b | %b | %s", $time, v0x55bbca53b220_0, v0x55bbca53b350_0, v0x55bbca53b500_0, v0x55bbca53b5a0_0, v0x55bbca53b460_0, "result=11111110" {0 0 0};
    %pushi/vec4 1, 0, 8;
    %store/vec4 v0x55bbca53b220_0, 0, 8;
    %pushi/vec4 0, 0, 8;
    %store/vec4 v0x55bbca53b350_0, 0, 8;
    %pushi/vec4 5, 0, 3;
    %store/vec4 v0x55bbca53b500_0, 0, 3;
    %delay 10, 0;
    %vpi_call 2 71 "$display", "%4t | %b | %b | %b | %b | %b | %s", $time, v0x55bbca53b220_0, v0x55bbca53b350_0, v0x55bbca53b500_0, v0x55bbca53b5a0_0, v0x55bbca53b460_0, "result=11111110" {0 0 0};
    %pushi/vec4 255, 0, 8;
    %store/vec4 v0x55bbca53b220_0, 0, 8;
    %pushi/vec4 0, 0, 8;
    %store/vec4 v0x55bbca53b350_0, 0, 8;
    %pushi/vec4 6, 0, 3;
    %store/vec4 v0x55bbca53b500_0, 0, 3;
    %delay 10, 0;
    %vpi_call 2 79 "$display", "%4t | %b | %b | %b | %b | %b | %s", $time, v0x55bbca53b220_0, v0x55bbca53b350_0, v0x55bbca53b500_0, v0x55bbca53b5a0_0, v0x55bbca53b460_0, "result=11111110" {0 0 0};
    %pushi/vec4 255, 0, 8;
    %store/vec4 v0x55bbca53b220_0, 0, 8;
    %pushi/vec4 0, 0, 8;
    %store/vec4 v0x55bbca53b350_0, 0, 8;
    %pushi/vec4 7, 0, 3;
    %store/vec4 v0x55bbca53b500_0, 0, 3;
    %delay 10, 0;
    %vpi_call 2 87 "$display", "%4t | %b | %b | %b | %b | %b | %s", $time, v0x55bbca53b220_0, v0x55bbca53b350_0, v0x55bbca53b500_0, v0x55bbca53b5a0_0, v0x55bbca53b460_0, "result=01111111" {0 0 0};
    %pushi/vec4 255, 0, 8;
    %store/vec4 v0x55bbca53b220_0, 0, 8;
    %pushi/vec4 255, 0, 8;
    %store/vec4 v0x55bbca53b350_0, 0, 8;
    %pushi/vec4 4, 0, 3;
    %store/vec4 v0x55bbca53b500_0, 0, 3;
    %delay 10, 0;
    %vpi_call 2 96 "$display", "%4t | %b | %b | %b | %b | %b | %s", $time, v0x55bbca53b220_0, v0x55bbca53b350_0, v0x55bbca53b500_0, v0x55bbca53b5a0_0, v0x55bbca53b460_0, "result=00000000, zero=1" {0 0 0};
    %pushi/vec4 255, 0, 8;
    %store/vec4 v0x55bbca53b220_0, 0, 8;
    %pushi/vec4 255, 0, 8;
    %store/vec4 v0x55bbca53b350_0, 0, 8;
    %pushi/vec4 0, 0, 3;
    %store/vec4 v0x55bbca53b500_0, 0, 3;
    %delay 10, 0;
    %vpi_call 2 104 "$display", "%4t | %b | %b | %b | %b | %b | %s", $time, v0x55bbca53b220_0, v0x55bbca53b350_0, v0x55bbca53b500_0, v0x55bbca53b5a0_0, v0x55bbca53b460_0, "result=11111110, carry=1" {0 0 0};
    %pushi/vec4 15, 0, 8;
    %store/vec4 v0x55bbca53b220_0, 0, 8;
    %pushi/vec4 16, 0, 8;
    %store/vec4 v0x55bbca53b350_0, 0, 8;
    %pushi/vec4 1, 0, 3;
    %store/vec4 v0x55bbca53b500_0, 0, 3;
    %delay 10, 0;
    %vpi_call 2 112 "$display", "%4t | %b | %b | %b | %b | %b | %s", $time, v0x55bbca53b220_0, v0x55bbca53b350_0, v0x55bbca53b500_0, v0x55bbca53b5a0_0, v0x55bbca53b460_0, "result=11111111, sign=1" {0 0 0};
    %pushi/vec4 127, 0, 8;
    %store/vec4 v0x55bbca53b220_0, 0, 8;
    %pushi/vec4 1, 0, 8;
    %store/vec4 v0x55bbca53b350_0, 0, 8;
    %pushi/vec4 0, 0, 3;
    %store/vec4 v0x55bbca53b500_0, 0, 3;
    %delay 10, 0;
    %vpi_call 2 120 "$display", "%4t | %b | %b | %b | %b | %b | %s", $time, v0x55bbca53b220_0, v0x55bbca53b350_0, v0x55bbca53b500_0, v0x55bbca53b5a0_0, v0x55bbca53b460_0, "result=10000000, overflow=1" {0 0 0};
    %vpi_call 2 123 "$finish" {0 0 0};
    %end;
    .thread T_1;
# The file index is used to find the file name in the following table.
:file_names 4;
    "N/A";
    "<interactive>";
    "alu_tb.v";
    "alu.v";
