#! /usr/bin/vvp
:ivl_version "12.0 (stable)";
:ivl_delay_selection "TYPICAL";
:vpi_time_precision + 0;
:vpi_module "/usr/lib/x86_64-linux-gnu/ivl/system.vpi";
:vpi_module "/usr/lib/x86_64-linux-gnu/ivl/vhdl_sys.vpi";
:vpi_module "/usr/lib/x86_64-linux-gnu/ivl/vhdl_textio.vpi";
:vpi_module "/usr/lib/x86_64-linux-gnu/ivl/v2005_math.vpi";
:vpi_module "/usr/lib/x86_64-linux-gnu/ivl/va_math.vpi";
:vpi_module "/usr/lib/x86_64-linux-gnu/ivl/v2009.vpi";
S_0x5561c1db15b0 .scope package, "$unit" "$unit" 2 1;
 .timescale 0 0;
S_0x5561c1db1740 .scope module, "regfile_tb" "regfile_tb" 3 1;
 .timescale 0 0;
v0x5561c1e11c90_0 .var "clk", 0 0;
v0x5561c1e11d50_0 .var "read1_addr", 2 0;
v0x5561c1e11df0_0 .net "read1_data", 7 0, L_0x5561c1ddd200;  1 drivers
v0x5561c1e11e90_0 .var "read2_addr", 2 0;
v0x5561c1e11f30_0 .net "read2_data", 7 0, L_0x5561c1ddd400;  1 drivers
v0x5561c1e11fd0_0 .var "rst", 0 0;
v0x5561c1e120a0_0 .var "write_addr", 2 0;
v0x5561c1e12170_0 .var "write_data", 7 0;
v0x5561c1e12240_0 .var "write_en", 0 0;
E_0x5561c1df1950 .event negedge, v0x5561c1e11330_0;
S_0x5561c1df1070 .scope module, "uut" "regfile" 3 10, 4 1 0, S_0x5561c1db1740;
 .timescale 0 0;
    .port_info 0 /INPUT 1 "clk";
    .port_info 1 /INPUT 1 "rst";
    .port_info 2 /INPUT 1 "write_en";
    .port_info 3 /INPUT 3 "read1_addr";
    .port_info 4 /INPUT 3 "read2_addr";
    .port_info 5 /INPUT 3 "write_addr";
    .port_info 6 /INPUT 8 "write_data";
    .port_info 7 /OUTPUT 8 "read1_data";
    .port_info 8 /OUTPUT 8 "read2_data";
L_0x5561c1ddd200 .functor BUFZ 8, L_0x5561c1e123a0, C4<00000000>, C4<00000000>, C4<00000000>;
L_0x5561c1ddd400 .functor BUFZ 8, L_0x5561c1e12680, C4<00000000>, C4<00000000>, C4<00000000>;
v0x5561c1dddaa0_0 .net *"_ivl_0", 7 0, L_0x5561c1e123a0;  1 drivers
v0x5561c1ddffc0_0 .net *"_ivl_10", 4 0, L_0x5561c1e12720;  1 drivers
L_0x7f2be3682060 .functor BUFT 1, C4<00>, C4<0>, C4<0>, C4<0>;
v0x5561c1de0640_0 .net *"_ivl_13", 1 0, L_0x7f2be3682060;  1 drivers
v0x5561c1de1750_0 .net *"_ivl_2", 4 0, L_0x5561c1e124a0;  1 drivers
L_0x7f2be3682018 .functor BUFT 1, C4<00>, C4<0>, C4<0>, C4<0>;
v0x5561c1de1ad0_0 .net *"_ivl_5", 1 0, L_0x7f2be3682018;  1 drivers
v0x5561c1de41e0_0 .net *"_ivl_8", 7 0, L_0x5561c1e12680;  1 drivers
v0x5561c1e11330_0 .net "clk", 0 0, v0x5561c1e11c90_0;  1 drivers
v0x5561c1e113f0_0 .net "read1_addr", 2 0, v0x5561c1e11d50_0;  1 drivers
v0x5561c1e114d0_0 .net "read1_data", 7 0, L_0x5561c1ddd200;  alias, 1 drivers
v0x5561c1e115b0_0 .net "read2_addr", 2 0, v0x5561c1e11e90_0;  1 drivers
v0x5561c1e11690_0 .net "read2_data", 7 0, L_0x5561c1ddd400;  alias, 1 drivers
v0x5561c1e11770 .array "registers", 7 0, 7 0;
v0x5561c1e11830_0 .net "rst", 0 0, v0x5561c1e11fd0_0;  1 drivers
v0x5561c1e118f0_0 .net "write_addr", 2 0, v0x5561c1e120a0_0;  1 drivers
v0x5561c1e119d0_0 .net "write_data", 7 0, v0x5561c1e12170_0;  1 drivers
v0x5561c1e11ab0_0 .net "write_en", 0 0, v0x5561c1e12240_0;  1 drivers
E_0x5561c1df2850 .event posedge, v0x5561c1e11330_0;
L_0x5561c1e123a0 .array/port v0x5561c1e11770, L_0x5561c1e124a0;
L_0x5561c1e124a0 .concat [ 3 2 0 0], v0x5561c1e11d50_0, L_0x7f2be3682018;
L_0x5561c1e12680 .array/port v0x5561c1e11770, L_0x5561c1e12720;
L_0x5561c1e12720 .concat [ 3 2 0 0], v0x5561c1e11e90_0, L_0x7f2be3682060;
S_0x5561c1df1330 .scope begin, "$unm_blk_3" "$unm_blk_3" 4 15, 4 15 0, S_0x5561c1df1070;
 .timescale 0 0;
v0x5561c1ddd360_0 .var/i "i", 31 0;
    .scope S_0x5561c1df1070;
T_0 ;
    %wait E_0x5561c1df2850;
    %fork t_1, S_0x5561c1df1330;
    %jmp t_0;
    .scope S_0x5561c1df1330;
t_1 ;
    %load/vec4 v0x5561c1e11830_0;
    %flag_set/vec4 8;
    %jmp/0xz  T_0.0, 8;
    %pushi/vec4 0, 0, 32;
    %store/vec4 v0x5561c1ddd360_0, 0, 32;
T_0.2 ;
    %load/vec4 v0x5561c1ddd360_0;
    %cmpi/s 8, 0, 32;
    %jmp/0xz T_0.3, 5;
    %pushi/vec4 0, 0, 8;
    %ix/getv/s 3, v0x5561c1ddd360_0;
    %ix/load 4, 0, 0; Constant delay
    %assign/vec4/a/d v0x5561c1e11770, 0, 4;
    %load/vec4 v0x5561c1ddd360_0;
    %addi 1, 0, 32;
    %store/vec4 v0x5561c1ddd360_0, 0, 32;
    %jmp T_0.2;
T_0.3 ;
    %jmp T_0.1;
T_0.0 ;
    %load/vec4 v0x5561c1e11ab0_0;
    %flag_set/vec4 8;
    %jmp/0xz  T_0.4, 8;
    %load/vec4 v0x5561c1e119d0_0;
    %load/vec4 v0x5561c1e118f0_0;
    %pad/u 5;
    %ix/vec4 3;
    %ix/load 4, 0, 0; Constant delay
    %assign/vec4/a/d v0x5561c1e11770, 0, 4;
T_0.4 ;
T_0.1 ;
    %end;
    .scope S_0x5561c1df1070;
t_0 %join;
    %jmp T_0;
    .thread T_0;
    .scope S_0x5561c1db1740;
T_1 ;
    %pushi/vec4 0, 0, 1;
    %store/vec4 v0x5561c1e11c90_0, 0, 1;
T_1.0 ;
    %delay 5, 0;
    %load/vec4 v0x5561c1e11c90_0;
    %inv;
    %store/vec4 v0x5561c1e11c90_0, 0, 1;
    %jmp T_1.0;
    %end;
    .thread T_1;
    .scope S_0x5561c1db1740;
T_2 ;
    %vpi_call/w 3 31 "$dumpfile", "dumps/regfile_test.vcd" {0 0 0};
    %vpi_call/w 3 32 "$dumpvars", 32'sb00000000000000000000000000000000, S_0x5561c1db1740 {0 0 0};
    %vpi_call/w 3 35 "$display", "Write Test:" {0 0 0};
    %vpi_call/w 3 36 "$display", " Time  |  000  |  001  |  010  |  expected" {0 0 0};
    %vpi_call/w 3 37 "$display", "------------------------------------------" {0 0 0};
    %pushi/vec4 1, 0, 1;
    %store/vec4 v0x5561c1e11fd0_0, 0, 1;
    %wait E_0x5561c1df2850;
    %wait E_0x5561c1df2850;
    %pushi/vec4 0, 0, 1;
    %store/vec4 v0x5561c1e11fd0_0, 0, 1;
    %vpi_call/w 3 44 "$display", "%4t | %b | %b | %b | %s", $time, &A<v0x5561c1e11770, 0>, &A<v0x5561c1e11770, 1>, &A<v0x5561c1e11770, 2>, "00000000 each" {0 0 0};
    %wait E_0x5561c1df1950;
    %pushi/vec4 1, 0, 1;
    %store/vec4 v0x5561c1e12240_0, 0, 1;
    %pushi/vec4 0, 0, 3;
    %store/vec4 v0x5561c1e120a0_0, 0, 3;
    %pushi/vec4 85, 0, 8;
    %store/vec4 v0x5561c1e12170_0, 0, 8;
    %pushi/vec4 0, 0, 3;
    %store/vec4 v0x5561c1e11d50_0, 0, 3;
    %pushi/vec4 0, 0, 3;
    %store/vec4 v0x5561c1e11e90_0, 0, 3;
    %wait E_0x5561c1df1950;
    %vpi_call/w 3 55 "$display", "%4t | %b | %b | %b | %s", $time, &A<v0x5561c1e11770, 0>, &A<v0x5561c1e11770, 1>, &A<v0x5561c1e11770, 2>, "01010101, rest - 0's" {0 0 0};
    %wait E_0x5561c1df1950;
    %pushi/vec4 2, 0, 3;
    %store/vec4 v0x5561c1e120a0_0, 0, 3;
    %pushi/vec4 255, 0, 8;
    %store/vec4 v0x5561c1e12170_0, 0, 8;
    %wait E_0x5561c1df1950;
    %vpi_call/w 3 62 "$display", "%4t | %b | %b | %b | %s", $time, &A<v0x5561c1e11770, 0>, &A<v0x5561c1e11770, 1>, &A<v0x5561c1e11770, 2>, "01010101 00000000 11111111" {0 0 0};
    %vpi_call/w 3 66 "$display", "------------------------------------------" {0 0 0};
    %vpi_call/w 3 67 "$display", "\000" {0 0 0};
    %vpi_call/w 3 68 "$display", "Read Test: read from reg 0 and 1" {0 0 0};
    %wait E_0x5561c1df1950;
    %pushi/vec4 0, 0, 1;
    %store/vec4 v0x5561c1e12240_0, 0, 1;
    %pushi/vec4 0, 0, 3;
    %store/vec4 v0x5561c1e11d50_0, 0, 3;
    %pushi/vec4 1, 0, 3;
    %store/vec4 v0x5561c1e11e90_0, 0, 3;
    %wait E_0x5561c1df2850;
    %vpi_call/w 3 74 "$display", "%b | %b | %s ", v0x5561c1e11df0_0, v0x5561c1e11f30_0, "Expected - 01010101 00000000" {0 0 0};
    %vpi_call/w 3 76 "$finish" {0 0 0};
    %end;
    .thread T_2;
# The file index is used to find the file name in the following table.
:file_names 5;
    "N/A";
    "<interactive>";
    "-";
    "regfile_tb.v";
    "regfile.v";
